============================= test session starts ==============================
platform darwin -- Python 3.14.3, pytest-9.1.1, pluggy-1.6.0 -- /Users/deniscivkunov/Projects/WMS/backend/.venv/bin/python3
rootdir: /Users/deniscivkunov/Projects/WMS/.worktrees/wms396-public-check/backend
configfile: pyproject.toml
plugins: xdist-3.8.0, asyncio-1.4.0, anyio-4.14.2
asyncio: mode=Mode.AUTO, debug=False, asyncio_default_fixture_loop_scope=None, asyncio_default_test_loop_scope=function
collecting ... collected 1 item

tests/test_true_api_marking_check.py::test_expired_worker_cannot_overwrite_retry_while_saving_response PASSED [100%]

=============================== warnings summary ===============================
<frozen importlib._bootstrap>:491
<frozen importlib._bootstrap>:491
  <frozen importlib._bootstrap>:491: DeprecationWarning: builtin type SwigPyPacked has no __module__ attribute

<frozen importlib._bootstrap>:491
<frozen importlib._bootstrap>:491
  <frozen importlib._bootstrap>:491: DeprecationWarning: builtin type SwigPyObject has no __module__ attribute

<frozen importlib._bootstrap>:491
  <frozen importlib._bootstrap>:491: DeprecationWarning: builtin type swigvarlink has no __module__ attribute

-- Docs: https://docs.pytest.org/en/stable/how-to/capture-warnings.html
- generated xml file: /Users/deniscivkunov/Projects/WMS/.worktrees/wms396-public-check/outputs/wms396-ci-test-fix/junit.xml -
======================== 1 passed, 5 warnings in 2.44s =========================
