<?xml version="1.0" encoding="utf-8"?><testsuites name="pytest tests"><testsuite name="pytest" errors="0" failures="0" skipped="0" tests="4" time="4.954" timestamp="2026-09-09T15:46:02.075745+03:00" hostname="MacBook-Air-Denis.local"><testcase classname="tests.test_inbound_marking" name="test_receiving_code_binds_as_external_once_and_cannot_be_printed[True-wb]" time="2.582" /><testcase classname="tests.test_inbound_marking" name="test_receiving_code_binds_as_external_once_and_cannot_be_printed[True-ozon]" time="0.935" /><testcase classname="tests.test_inbound_marking" name="test_concurrent_receipt_scan_serializes_capacity_and_duplicate[True]" time="0.730" /><testcase classname="tests.test_inbound_marking" name="test_concurrent_receipt_scan_serializes_capacity_and_duplicate[False]" time="0.672" /></testsuite></testsuites>